<?xml version="1.0" encoding="UTF-8"?>
<testng-results ignored="0" total="1" passed="1" failed="0" skipped="0">
  <reporter-output>
  </reporter-output>
  <suite started-at="2022-06-30T18:42:16 IST" name="Default suite" finished-at="2022-06-30T18:42:16 IST" duration-ms="310">
    <groups>
    </groups>
    <test started-at="2022-06-30T18:42:16 IST" name="Default test" finished-at="2022-06-30T18:42:16 IST" duration-ms="310">
      <class name="TestngFailer.TestRunner">
        <test-method signature="test11()[pri:0, instance:TestngFailer.TestRunner@11c9af63]" started-at="2022-06-30T18:42:16 IST" name="test11" finished-at="2022-06-30T18:42:16 IST" duration-ms="271" status="PASS">
          <reporter-output>
          </reporter-output>
        </test-method> <!-- test11 -->
      </class> <!-- TestngFailer.TestRunner -->
    </test> <!-- Default test -->
  </suite> <!-- Default suite -->
</testng-results>
