<?xml version="1.0" encoding="UTF-8"?>
<!-- Generated by org.testng.reporters.JUnitXMLReporter -->
<testsuite ignored="0" hostname="RASELVAM-54QTQ" failures="1" tests="1" name="demo" time="0.09" errors="0" timestamp="2022-06-30T17:50:12 IST">
  <testcase classname="Listener.MyTestCase" name="worst" time="0.016">
    <failure type="java.lang.AssertionError" message="i am failed expected [true] but found [false]">
      <![CDATA[java.lang.AssertionError: i am failed expected [true] but found [false]
at Listener.MyTestCase.worst(MyTestCase.java:31)
at java.base/java.util.ArrayList.forEach(ArrayList.java:1541)
... Removed 30 stack frames]]>
    </failure>
  </testcase> <!-- worst -->
</testsuite> <!-- demo -->
