<?xml version="1.0" encoding="UTF-8"?>
<!-- Generated by org.testng.reporters.JUnitXMLReporter -->
<testsuite ignored="0" hostname="RASELVAM-54QTQ" failures="1" tests="1" name="Test" time="0.137" errors="0" timestamp="2022-06-30T17:47:02 IST">
  <testcase classname="Listener.MyTestCase" name="matchFailed" time="0.031">
    <failure type="java.lang.AssertionError" message="i am failed expected [true] but found [false]">
      <![CDATA[java.lang.AssertionError: i am failed expected [true] but found [false]
at Listener.MyTestCase.matchFailed(MyTestCase.java:31)
at java.base/java.util.ArrayList.forEach(ArrayList.java:1541)
... Removed 30 stack frames]]>
    </failure>
  </testcase> <!-- matchFailed -->
</testsuite> <!-- Test -->
